2024-04-01 10:38:16 info: =================================
2024-04-01 10:38:16 info: ======= ENV: development =======
2024-04-01 10:38:16 info: 🚀 App listening on the port 3000
2024-04-01 10:38:16 info: =================================
2024-04-01 10:38:23 info: [0mPOST /bookings/create [33m404[0m 368.603 ms - 155[0m
2024-04-01 10:39:32 info: [0mPOST /users/create [33m404[0m 5.750 ms - 152[0m
2024-04-01 10:40:29 error: [POST] /users/signup >> StatusCode:: 409, Message:: the user with email test5@test.com already exists
2024-04-01 10:40:29 info: [0mPOST /users/signup [33m409[0m 222.149 ms - 63[0m
2024-04-01 10:41:35 info: [0mPOST /users/signup [32m201[0m 5691.346 ms - 308[0m
2024-04-01 10:46:37 info: [0mGET /api-docs [36m301[0m 3.528 ms - 183[0m
2024-04-01 10:46:37 info: [0mGET /api-docs/ [32m200[0m 7.512 ms - -[0m
2024-04-01 10:46:37 info: [0mGET /api-docs/swagger-ui-init.js [32m200[0m 1.756 ms - -[0m
2024-04-01 10:46:37 info: [0mGET /api-docs/swagger-ui-bundle.js [32m200[0m 16.667 ms - -[0m
2024-04-01 10:46:37 info: [0mGET /api-docs/swagger-ui.css [32m200[0m 350.078 ms - -[0m
2024-04-01 10:46:37 info: [0mGET /api-docs/swagger-ui-standalone-preset.js [32m200[0m 459.317 ms - -[0m
2024-04-01 10:46:37 info: [0mGET /api-docs/favicon-16x16.png [32m200[0m 32.326 ms - 665[0m
2024-04-01 10:47:05 info: [0mPOST /users [33m404[0m 1.084 ms - 145[0m
2024-04-01 10:56:48 info: =================================
2024-04-01 10:56:48 info: ======= ENV: development =======
2024-04-01 10:56:48 info: 🚀 App listening on the port 3000
2024-04-01 10:56:48 info: =================================
2024-04-01 10:58:16 info: =================================
2024-04-01 10:58:16 info: ======= ENV: development =======
2024-04-01 10:58:16 info: 🚀 App listening on the port 3000
2024-04-01 10:58:16 info: =================================
2024-04-01 17:02:35 info: =================================
2024-04-01 17:02:35 info: ======= ENV: development =======
2024-04-01 17:02:35 info: 🚀 App listening on the port 3000
2024-04-01 17:02:35 info: =================================
2024-04-01 17:07:50 info: =================================
2024-04-01 17:07:50 info: ======= ENV: development =======
2024-04-01 17:07:50 info: 🚀 App listening on the port 3000
2024-04-01 17:07:50 info: =================================
2024-04-01 17:08:14 info: =================================
2024-04-01 17:08:14 info: ======= ENV: development =======
2024-04-01 17:08:14 info: 🚀 App listening on the port 3000
2024-04-01 17:08:14 info: =================================
2024-04-01 17:12:01 info: =================================
2024-04-01 17:12:01 info: ======= ENV: development =======
2024-04-01 17:12:01 info: 🚀 App listening on the port 3000
2024-04-01 17:12:01 info: =================================
2024-04-01 17:12:40 info: =================================
2024-04-01 17:12:40 info: ======= ENV: development =======
2024-04-01 17:12:40 info: 🚀 App listening on the port 3000
2024-04-01 17:12:40 info: =================================
2024-04-01 17:13:35 info: =================================
2024-04-01 17:13:35 info: ======= ENV: development =======
2024-04-01 17:13:35 info: 🚀 App listening on the port 3000
2024-04-01 17:13:35 info: =================================
2024-04-01 17:14:05 info: =================================
2024-04-01 17:14:05 info: ======= ENV: development =======
2024-04-01 17:14:05 info: 🚀 App listening on the port 3000
2024-04-01 17:14:05 info: =================================
2024-04-01 17:15:51 info: =================================
2024-04-01 17:15:51 info: ======= ENV: development =======
2024-04-01 17:15:51 info: 🚀 App listening on the port 3000
2024-04-01 17:15:51 info: =================================
2024-04-01 17:18:23 info: =================================
2024-04-01 17:18:23 info: ======= ENV: development =======
2024-04-01 17:18:23 info: 🚀 App listening on the port 3000
2024-04-01 17:18:23 info: =================================
2024-04-01 17:18:42 info: =================================
2024-04-01 17:18:42 info: ======= ENV: development =======
2024-04-01 17:18:42 info: 🚀 App listening on the port 3000
2024-04-01 17:18:42 info: =================================
2024-04-01 17:23:47 info: =================================
2024-04-01 17:23:47 info: ======= ENV: development =======
2024-04-01 17:23:47 info: 🚀 App listening on the port 3000
2024-04-01 17:23:47 info: =================================
2024-04-01 17:24:38 info: =================================
2024-04-01 17:24:38 info: ======= ENV: development =======
2024-04-01 17:24:38 info: 🚀 App listening on the port 3000
2024-04-01 17:24:38 info: =================================
2024-04-01 17:24:52 info: =================================
2024-04-01 17:24:52 info: ======= ENV: development =======
2024-04-01 17:24:52 info: 🚀 App listening on the port 3000
2024-04-01 17:24:52 info: =================================
2024-04-01 17:26:38 info: =================================
2024-04-01 17:26:38 info: ======= ENV: development =======
2024-04-01 17:26:38 info: 🚀 App listening on the port 3000
2024-04-01 17:26:38 info: =================================
2024-04-01 17:27:05 info: =================================
2024-04-01 17:27:05 info: ======= ENV: development =======
2024-04-01 17:27:05 info: 🚀 App listening on the port 3000
2024-04-01 17:27:05 info: =================================
2024-04-01 17:27:30 info: =================================
2024-04-01 17:27:30 info: ======= ENV: development =======
2024-04-01 17:27:30 info: 🚀 App listening on the port 3000
2024-04-01 17:27:30 info: =================================
2024-04-01 17:27:45 info: =================================
2024-04-01 17:27:45 info: ======= ENV: development =======
2024-04-01 17:27:45 info: 🚀 App listening on the port 3000
2024-04-01 17:27:45 info: =================================
2024-04-01 17:28:00 info: =================================
2024-04-01 17:28:00 info: ======= ENV: development =======
2024-04-01 17:28:00 info: 🚀 App listening on the port 3000
2024-04-01 17:28:00 info: =================================
2024-04-01 17:28:29 info: =================================
2024-04-01 17:28:29 info: ======= ENV: development =======
2024-04-01 17:28:29 info: 🚀 App listening on the port 3000
2024-04-01 17:28:29 info: =================================
2024-04-01 17:29:33 info: =================================
2024-04-01 17:29:33 info: ======= ENV: development =======
2024-04-01 17:29:33 info: 🚀 App listening on the port 3000
2024-04-01 17:29:33 info: =================================
