2024-04-05 08:56:20 info: =================================
2024-04-05 08:56:20 info: ======= ENV: development =======
2024-04-05 08:56:20 info: 🚀 App listening on the port 3000
2024-04-05 08:56:20 info: =================================
2024-04-05 08:56:30 error: [POST] /bookings/create/2 >> StatusCode:: 404, Message:: room not found
2024-04-05 08:56:30 info: [0mPOST /bookings/create/2 [33m404[0m 341.380 ms - 28[0m
2024-04-05 08:56:40 info: [0mPOST /seed [32m200[0m 248.077 ms - -[0m
2024-04-05 08:56:51 info: [0mPOST /bookings/create/2 [32m201[0m 4288.049 ms - 238[0m
2024-04-05 08:57:07 error: [POST] /bookings/create/2 >> StatusCode:: 500, Message:: duplicate key value violates unique constraint "REL_5721d262c907a9c9e6273d9142"
2024-04-05 08:57:07 info: [0mPOST /bookings/create/2 [31m500[0m 170.094 ms - 95[0m
2024-04-05 08:57:49 info: [0mPOST /users/login [32m200[0m 158.542 ms - 602[0m
2024-04-05 08:58:27 info: [0mPATCH /bookings/cancel-booking/1 [32m200[0m 97.665 ms - 241[0m
2024-04-05 08:58:36 error: [POST] /bookings/create/2 >> StatusCode:: 500, Message:: duplicate key value violates unique constraint "REL_5721d262c907a9c9e6273d9142"
2024-04-05 08:58:36 info: [0mPOST /bookings/create/2 [31m500[0m 15.521 ms - 95[0m
2024-04-05 08:59:59 info: =================================
2024-04-05 08:59:59 info: ======= ENV: development =======
2024-04-05 08:59:59 info: 🚀 App listening on the port 3000
2024-04-05 08:59:59 info: =================================
2024-04-05 09:00:16 info: =================================
2024-04-05 09:00:16 info: ======= ENV: development =======
2024-04-05 09:00:16 info: 🚀 App listening on the port 3000
2024-04-05 09:00:16 info: =================================
2024-04-05 09:00:24 info: =================================
2024-04-05 09:00:24 info: ======= ENV: development =======
2024-04-05 09:00:24 info: 🚀 App listening on the port 3000
2024-04-05 09:00:24 info: =================================
2024-04-05 09:00:51 info: [0mGET /bookings/delete/1 [33m404[0m 11.035 ms - 156[0m
2024-04-05 09:00:56 info: [0mDELETE /bookings/delete/1 [32m200[0m 145.212 ms - 238[0m
2024-04-05 09:01:56 info: =================================
2024-04-05 09:01:56 info: ======= ENV: development =======
2024-04-05 09:01:56 info: 🚀 App listening on the port 3000
2024-04-05 09:01:56 info: =================================
2024-04-05 09:02:13 info: =================================
2024-04-05 09:02:13 info: ======= ENV: development =======
2024-04-05 09:02:13 info: 🚀 App listening on the port 3000
2024-04-05 09:02:13 info: =================================
2024-04-05 09:02:35 info: =================================
2024-04-05 09:02:35 info: ======= ENV: development =======
2024-04-05 09:02:35 info: 🚀 App listening on the port 3000
2024-04-05 09:02:35 info: =================================
2024-04-05 09:02:43 info: =================================
2024-04-05 09:02:44 info: ======= ENV: development =======
2024-04-05 09:02:44 info: 🚀 App listening on the port 3000
2024-04-05 09:02:44 info: =================================
2024-04-05 09:02:50 info: =================================
2024-04-05 09:02:50 info: ======= ENV: development =======
2024-04-05 09:02:50 info: 🚀 App listening on the port 3000
2024-04-05 09:02:50 info: =================================
2024-04-05 09:02:58 info: [0mPOST /bookings/create/2 [32m201[0m 4569.631 ms - 238[0m
2024-04-05 09:03:36 info: [0mPOST /bookings/create/2 [32m201[0m 4652.825 ms - 238[0m
2024-04-05 09:04:18 info: [0mPOST /bookings/create/2 [32m201[0m 4345.536 ms - 238[0m
2024-04-05 09:04:27 info: [0mGET /bookings/range [32m200[0m 77.704 ms - 608[0m
2024-04-05 09:05:36 info: [0mPATCH /bookings/cancel-booking/5 [32m200[0m 111.365 ms - 241[0m
2024-04-05 09:06:02 error: [GET] /bookings/2 >> StatusCode:: 409, Message:: no booking with [object Object]  exist
2024-04-05 09:06:02 info: [0mGET /bookings/2 [33m409[0m 60.234 ms - 52[0m
2024-04-05 09:06:55 info: =================================
2024-04-05 09:06:55 info: ======= ENV: development =======
2024-04-05 09:06:55 info: 🚀 App listening on the port 3000
2024-04-05 09:06:55 info: =================================
2024-04-05 09:06:56 error: [GET] /bookings/2 >> StatusCode:: 409, Message:: no booking with [object Object]  exist
2024-04-05 09:06:56 info: [0mGET /bookings/2 [33m409[0m 30.822 ms - 52[0m
2024-04-05 09:07:38 info: =================================
2024-04-05 09:07:38 info: ======= ENV: development =======
2024-04-05 09:07:38 info: 🚀 App listening on the port 3000
2024-04-05 09:07:38 info: =================================
2024-04-05 09:07:40 error: [GET] /bookings/2 >> StatusCode:: 409, Message:: no booking with [object Object]  exist
2024-04-05 09:07:40 info: [0mGET /bookings/2 [33m409[0m 27.757 ms - 52[0m
2024-04-05 09:07:52 info: =================================
2024-04-05 09:07:53 info: ======= ENV: development =======
2024-04-05 09:07:53 info: 🚀 App listening on the port 3000
2024-04-05 09:07:53 info: =================================
2024-04-05 09:08:08 info: =================================
2024-04-05 09:08:08 info: ======= ENV: development =======
2024-04-05 09:08:08 info: 🚀 App listening on the port 3000
2024-04-05 09:08:08 info: =================================
2024-04-05 09:08:24 info: =================================
2024-04-05 09:08:24 info: ======= ENV: development =======
2024-04-05 09:08:24 info: 🚀 App listening on the port 3000
2024-04-05 09:08:24 info: =================================
2024-04-05 09:08:26 error: [GET] /bookings/2 >> StatusCode:: 409, Message:: no booking with [object Object]  exist
2024-04-05 09:08:26 info: [0mGET /bookings/2 [33m409[0m 17.865 ms - 52[0m
2024-04-05 09:08:43 info: =================================
2024-04-05 09:08:43 info: ======= ENV: development =======
2024-04-05 09:08:43 info: 🚀 App listening on the port 3000
2024-04-05 09:08:43 info: =================================
2024-04-05 09:08:48 info: =================================
2024-04-05 09:08:48 info: ======= ENV: development =======
2024-04-05 09:08:48 info: 🚀 App listening on the port 3000
2024-04-05 09:08:48 info: =================================
2024-04-05 09:08:51 error: [GET] /bookings/2 >> StatusCode:: 409, Message:: no booking with [object Object]  exist
2024-04-05 09:08:51 info: [0mGET /bookings/2 [33m409[0m 18.987 ms - 52[0m
2024-04-05 09:09:12 info: =================================
2024-04-05 09:09:12 info: ======= ENV: development =======
2024-04-05 09:09:12 info: 🚀 App listening on the port 3000
2024-04-05 09:09:12 info: =================================
2024-04-05 09:09:36 info: =================================
2024-04-05 09:09:36 info: ======= ENV: development =======
2024-04-05 09:09:36 info: 🚀 App listening on the port 3000
2024-04-05 09:09:36 info: =================================
2024-04-05 09:09:39 error: [GET] /bookings/2 >> StatusCode:: 409, Message:: no booking with [object Object]  exist
2024-04-05 09:09:39 info: [0mGET /bookings/2 [33m409[0m 26.429 ms - 52[0m
2024-04-05 09:10:07 info: =================================
2024-04-05 09:10:07 info: ======= ENV: development =======
2024-04-05 09:10:07 info: 🚀 App listening on the port 3000
2024-04-05 09:10:07 info: =================================
2024-04-05 09:10:13 info: =================================
2024-04-05 09:10:13 info: ======= ENV: development =======
2024-04-05 09:10:13 info: 🚀 App listening on the port 3000
2024-04-05 09:10:13 info: =================================
2024-04-05 09:10:27 info: =================================
2024-04-05 09:10:27 info: ======= ENV: development =======
2024-04-05 09:10:27 info: 🚀 App listening on the port 3000
2024-04-05 09:10:27 info: =================================
2024-04-05 09:10:38 info: =================================
2024-04-05 09:10:38 info: ======= ENV: development =======
2024-04-05 09:10:38 info: 🚀 App listening on the port 3000
2024-04-05 09:10:38 info: =================================
2024-04-05 09:11:05 info: =================================
2024-04-05 09:11:05 info: ======= ENV: development =======
2024-04-05 09:11:05 info: 🚀 App listening on the port 3000
2024-04-05 09:11:05 info: =================================
2024-04-05 09:11:10 info: =================================
2024-04-05 09:11:10 info: ======= ENV: development =======
2024-04-05 09:11:10 info: 🚀 App listening on the port 3000
2024-04-05 09:11:10 info: =================================
2024-04-05 09:12:45 info: =================================
2024-04-05 09:12:45 info: ======= ENV: development =======
2024-04-05 09:12:45 info: 🚀 App listening on the port 3000
2024-04-05 09:12:45 info: =================================
2024-04-05 09:13:37 error: [GET] /bookings/2 >> StatusCode:: 409, Message:: no booking with [object Object]  exist
2024-04-05 09:13:37 info: [0mGET /bookings/2 [33m409[0m 92.124 ms - 52[0m
2024-04-05 09:14:16 info: =================================
2024-04-05 09:14:16 info: ======= ENV: development =======
2024-04-05 09:14:16 info: 🚀 App listening on the port 3000
2024-04-05 09:14:16 info: =================================
2024-04-05 09:14:21 error: [GET] /bookings/2 >> StatusCode:: 409, Message:: no booking with [object Object]  exist
2024-04-05 09:14:21 info: [0mGET /bookings/2 [33m409[0m 20.687 ms - 52[0m
2024-04-05 09:14:45 info: =================================
2024-04-05 09:14:45 info: ======= ENV: development =======
2024-04-05 09:14:45 info: 🚀 App listening on the port 3000
2024-04-05 09:14:45 info: =================================
2024-04-05 09:14:51 info: =================================
2024-04-05 09:14:51 info: ======= ENV: development =======
2024-04-05 09:14:51 info: 🚀 App listening on the port 3000
2024-04-05 09:14:51 info: =================================
2024-04-05 09:15:00 info: =================================
2024-04-05 09:15:00 info: ======= ENV: development =======
2024-04-05 09:15:00 info: 🚀 App listening on the port 3000
2024-04-05 09:15:00 info: =================================
2024-04-05 09:15:08 info: =================================
2024-04-05 09:15:08 info: ======= ENV: development =======
2024-04-05 09:15:08 info: 🚀 App listening on the port 3000
2024-04-05 09:15:08 info: =================================
2024-04-05 09:15:20 info: =================================
2024-04-05 09:15:20 info: ======= ENV: development =======
2024-04-05 09:15:20 info: 🚀 App listening on the port 3000
2024-04-05 09:15:20 info: =================================
2024-04-05 09:15:49 error: [GET] /bookings/2 >> StatusCode:: 409, Message:: no booking with [object Object]  exist
2024-04-05 09:15:49 info: [0mGET /bookings/2 [33m409[0m 80.924 ms - 52[0m
2024-04-05 09:16:26 info: =================================
2024-04-05 09:16:26 info: ======= ENV: development =======
2024-04-05 09:16:26 info: 🚀 App listening on the port 3000
2024-04-05 09:16:26 info: =================================
2024-04-05 09:17:11 info: =================================
2024-04-05 09:17:11 info: ======= ENV: development =======
2024-04-05 09:17:11 info: 🚀 App listening on the port 3000
2024-04-05 09:17:11 info: =================================
2024-04-05 09:17:12 info: [0mGET /bookings/all [32m200[0m 27.964 ms - 412[0m
2024-04-05 09:17:30 error: [GET] /bookings/1 >> StatusCode:: 409, Message:: no booking with [object Object]  exist
2024-04-05 09:17:30 info: [0mGET /bookings/1 [33m409[0m 63.876 ms - 52[0m
2024-04-05 09:17:48 error: [GET] /bookings/5 >> StatusCode:: 409, Message:: no booking with [object Object]  exist
2024-04-05 09:17:48 info: [0mGET /bookings/5 [33m409[0m 56.732 ms - 52[0m
2024-04-05 09:17:53 info: [0mGET /bookings/4 [32m200[0m 7.623 ms - 225[0m
2024-04-05 09:17:58 info: [0mGET /bookings/6 [32m200[0m 5.797 ms - 225[0m
2024-04-05 09:18:41 info: =================================
2024-04-05 09:18:41 info: ======= ENV: development =======
2024-04-05 09:18:41 info: 🚀 App listening on the port 3000
2024-04-05 09:18:41 info: =================================
2024-04-05 09:19:39 info: =================================
2024-04-05 09:19:39 info: ======= ENV: development =======
2024-04-05 09:19:39 info: 🚀 App listening on the port 3000
2024-04-05 09:19:39 info: =================================
2024-04-05 09:20:02 info: =================================
2024-04-05 09:20:02 info: ======= ENV: development =======
2024-04-05 09:20:02 info: 🚀 App listening on the port 3000
2024-04-05 09:20:02 info: =================================
2024-04-05 09:20:12 info: =================================
2024-04-05 09:20:12 info: ======= ENV: development =======
2024-04-05 09:20:12 info: 🚀 App listening on the port 3000
2024-04-05 09:20:12 info: =================================
2024-04-05 09:20:13 info: [0mGET /bookings/6 [32m200[0m 36.448 ms - 225[0m
2024-04-05 09:20:22 error: [GET] /bookings/1 >> StatusCode:: 409, Message:: no booking with [object Object]  exist
2024-04-05 09:20:22 info: [0mGET /bookings/1 [33m409[0m 10.977 ms - 52[0m
2024-04-05 09:20:45 info: =================================
2024-04-05 09:20:45 info: ======= ENV: development =======
2024-04-05 09:20:45 info: 🚀 App listening on the port 3000
2024-04-05 09:20:45 info: =================================
2024-04-05 09:20:46 error: [GET] /bookings/1 >> StatusCode:: 409, Message:: no booking with [object Object]  exist
2024-04-05 09:20:46 info: [0mGET /bookings/1 [33m409[0m 19.791 ms - 52[0m
2024-04-05 09:21:02 info: =================================
2024-04-05 09:21:02 info: ======= ENV: development =======
2024-04-05 09:21:02 info: 🚀 App listening on the port 3000
2024-04-05 09:21:02 info: =================================
2024-04-05 09:21:07 info: =================================
2024-04-05 09:21:07 info: ======= ENV: development =======
2024-04-05 09:21:07 info: 🚀 App listening on the port 3000
2024-04-05 09:21:07 info: =================================
2024-04-05 09:21:27 info: =================================
2024-04-05 09:21:27 info: ======= ENV: development =======
2024-04-05 09:21:27 info: 🚀 App listening on the port 3000
2024-04-05 09:21:27 info: =================================
2024-04-05 09:21:38 info: =================================
2024-04-05 09:21:38 info: ======= ENV: development =======
2024-04-05 09:21:38 info: 🚀 App listening on the port 3000
2024-04-05 09:21:38 info: =================================
2024-04-05 09:21:39 error: [GET] /bookings/1 >> StatusCode:: 409, Message:: no booking with [object Object]  exist 😔
2024-04-05 09:21:39 info: [0mGET /bookings/1 [33m409[0m 27.257 ms - 57[0m
2024-04-05 09:21:48 info: =================================
2024-04-05 09:21:48 info: ======= ENV: development =======
2024-04-05 09:21:48 info: 🚀 App listening on the port 3000
2024-04-05 09:21:48 info: =================================
2024-04-05 09:23:34 info: =================================
2024-04-05 09:23:34 info: ======= ENV: development =======
2024-04-05 09:23:34 info: 🚀 App listening on the port 3000
2024-04-05 09:23:34 info: =================================
2024-04-05 09:26:13 error: [GET] /bookings/1 >> StatusCode:: 500, Message:: Cannot read properties of undefined (reading 'id')
2024-04-05 09:26:13 info: [0mGET /bookings/1 [31m500[0m 142.856 ms - 64[0m
2024-04-05 09:26:43 info: =================================
2024-04-05 09:26:43 info: ======= ENV: development =======
2024-04-05 09:26:43 info: 🚀 App listening on the port 3000
2024-04-05 09:26:43 info: =================================
2024-04-05 09:26:48 error: [GET] /bookings/1 >> StatusCode:: 500, Message:: Cannot read properties of undefined (reading 'id')
2024-04-05 09:26:48 info: [0mGET /bookings/1 [31m500[0m 24.028 ms - 64[0m
2024-04-05 09:27:15 info: =================================
2024-04-05 09:27:15 info: ======= ENV: development =======
2024-04-05 09:27:15 info: 🚀 App listening on the port 3000
2024-04-05 09:27:15 info: =================================
2024-04-05 09:27:18 error: [GET] /bookings/1 >> StatusCode:: 500, Message:: Cannot read properties of undefined (reading 'id')
2024-04-05 09:27:18 info: [0mGET /bookings/1 [31m500[0m 18.754 ms - 64[0m
2024-04-05 09:27:53 info: [0mGET /bookings/all [32m200[0m 143.412 ms - 412[0m
2024-04-05 09:30:30 info: =================================
2024-04-05 09:30:30 info: ======= ENV: development =======
2024-04-05 09:30:30 info: 🚀 App listening on the port 3000
2024-04-05 09:30:30 info: =================================
2024-04-05 09:30:40 error: [GET] /bookings/1 >> StatusCode:: 409, Message:: no booking with [object Object]  exist 😔
2024-04-05 09:30:40 info: [0mGET /bookings/1 [33m409[0m 49.061 ms - 57[0m
2024-04-05 09:30:59 info: =================================
2024-04-05 09:30:59 info: ======= ENV: development =======
2024-04-05 09:30:59 info: 🚀 App listening on the port 3000
2024-04-05 09:30:59 info: =================================
2024-04-05 09:31:06 info: =================================
2024-04-05 09:31:06 info: ======= ENV: development =======
2024-04-05 09:31:06 info: 🚀 App listening on the port 3000
2024-04-05 09:31:06 info: =================================
2024-04-05 09:31:40 info: =================================
2024-04-05 09:31:40 info: ======= ENV: development =======
2024-04-05 09:31:40 info: 🚀 App listening on the port 3000
2024-04-05 09:31:40 info: =================================
2024-04-05 09:32:18 error: [GET] /bookings/1 >> StatusCode:: 409, Message:: no booking with [object Object]  exist 😔
2024-04-05 09:32:18 info: [0mGET /bookings/1 [33m409[0m 108.173 ms - 57[0m
2024-04-05 09:32:35 info: =================================
2024-04-05 09:32:35 info: ======= ENV: development =======
2024-04-05 09:32:35 info: 🚀 App listening on the port 3000
2024-04-05 09:32:35 info: =================================
2024-04-05 09:32:46 info: =================================
2024-04-05 09:32:46 info: ======= ENV: development =======
2024-04-05 09:32:46 info: 🚀 App listening on the port 3000
2024-04-05 09:32:46 info: =================================
2024-04-05 09:32:58 info: =================================
2024-04-05 09:32:58 info: ======= ENV: development =======
2024-04-05 09:32:58 info: 🚀 App listening on the port 3000
2024-04-05 09:32:58 info: =================================
2024-04-05 09:33:08 info: =================================
2024-04-05 09:33:09 info: ======= ENV: development =======
2024-04-05 09:33:09 info: 🚀 App listening on the port 3000
2024-04-05 09:33:09 info: =================================
2024-04-05 09:33:10 error: [GET] /bookings/1 >> StatusCode:: 500, Message:: No entity column "key" was found.
2024-04-05 09:33:10 info: [0mGET /bookings/1 [31m500[0m 42.117 ms - 49[0m
2024-04-05 09:33:22 error: [GET] /bookings/5 >> StatusCode:: 500, Message:: No entity column "key" was found.
2024-04-05 09:33:22 info: [0mGET /bookings/5 [31m500[0m 9.331 ms - 49[0m
2024-04-05 09:33:26 error: [GET] /bookings/6 >> StatusCode:: 500, Message:: No entity column "key" was found.
2024-04-05 09:33:26 info: [0mGET /bookings/6 [31m500[0m 6.543 ms - 49[0m
2024-04-05 09:33:30 error: [GET] /bookings/4 >> StatusCode:: 500, Message:: No entity column "key" was found.
2024-04-05 09:33:30 info: [0mGET /bookings/4 [31m500[0m 3.610 ms - 49[0m
2024-04-05 09:34:24 info: =================================
2024-04-05 09:34:24 info: ======= ENV: development =======
2024-04-05 09:34:24 info: 🚀 App listening on the port 3000
2024-04-05 09:34:24 info: =================================
2024-04-05 09:34:29 error: [GET] /bookings/4 >> StatusCode:: 500, Message:: invalid input syntax for type integer: "{"key":{"id":4}}"
2024-04-05 09:34:29 info: [0mGET /bookings/4 [31m500[0m 24.632 ms - 77[0m
2024-04-05 09:34:40 info: =================================
2024-04-05 09:34:40 info: ======= ENV: development =======
2024-04-05 09:34:40 info: 🚀 App listening on the port 3000
2024-04-05 09:34:40 info: =================================
2024-04-05 09:34:47 info: =================================
2024-04-05 09:34:47 info: ======= ENV: development =======
2024-04-05 09:34:47 info: 🚀 App listening on the port 3000
2024-04-05 09:34:47 info: =================================
2024-04-05 09:35:42 error: [GET] /bookings/4 >> StatusCode:: 500, Message:: No entity column "key" was found.
2024-04-05 09:35:42 info: [0mGET /bookings/4 [31m500[0m 13.936 ms - 49[0m
2024-04-05 09:36:25 info: =================================
2024-04-05 09:36:25 info: ======= ENV: development =======
2024-04-05 09:36:25 info: 🚀 App listening on the port 3000
2024-04-05 09:36:25 info: =================================
2024-04-05 09:36:34 info: =================================
2024-04-05 09:36:34 info: ======= ENV: development =======
2024-04-05 09:36:34 info: 🚀 App listening on the port 3000
2024-04-05 09:36:34 info: =================================
2024-04-05 09:36:45 info: =================================
2024-04-05 09:36:45 info: ======= ENV: development =======
2024-04-05 09:36:45 info: 🚀 App listening on the port 3000
2024-04-05 09:36:45 info: =================================
2024-04-05 09:37:04 info: =================================
2024-04-05 09:37:04 info: ======= ENV: development =======
2024-04-05 09:37:04 info: 🚀 App listening on the port 3000
2024-04-05 09:37:04 info: =================================
2024-04-05 09:37:19 info: =================================
2024-04-05 09:37:19 info: ======= ENV: development =======
2024-04-05 09:37:19 info: 🚀 App listening on the port 3000
2024-04-05 09:37:19 info: =================================
2024-04-05 09:37:31 info: =================================
2024-04-05 09:37:31 info: ======= ENV: development =======
2024-04-05 09:37:31 info: 🚀 App listening on the port 3000
2024-04-05 09:37:31 info: =================================
2024-04-05 09:37:35 info: =================================
2024-04-05 09:37:35 info: ======= ENV: development =======
2024-04-05 09:37:35 info: 🚀 App listening on the port 3000
2024-04-05 09:37:35 info: =================================
2024-04-05 09:37:42 info: =================================
2024-04-05 09:37:42 info: ======= ENV: development =======
2024-04-05 09:37:42 info: 🚀 App listening on the port 3000
2024-04-05 09:37:42 info: =================================
2024-04-05 09:38:07 info: =================================
2024-04-05 09:38:07 info: ======= ENV: development =======
2024-04-05 09:38:07 info: 🚀 App listening on the port 3000
2024-04-05 09:38:07 info: =================================
2024-04-05 09:38:10 info: [0mGET /bookings/4 [32m200[0m 30.574 ms - 225[0m
2024-04-05 09:38:41 info: =================================
2024-04-05 09:38:41 info: ======= ENV: development =======
2024-04-05 09:38:41 info: 🚀 App listening on the port 3000
2024-04-05 09:38:41 info: =================================
2024-04-05 09:38:48 info: =================================
2024-04-05 09:38:48 info: ======= ENV: development =======
2024-04-05 09:38:48 info: 🚀 App listening on the port 3000
2024-04-05 09:38:48 info: =================================
2024-04-05 09:39:02 info: =================================
2024-04-05 09:39:02 info: ======= ENV: development =======
2024-04-05 09:39:02 info: 🚀 App listening on the port 3000
2024-04-05 09:39:02 info: =================================
2024-04-05 09:39:14 info: =================================
2024-04-05 09:39:14 info: ======= ENV: development =======
2024-04-05 09:39:14 info: 🚀 App listening on the port 3000
2024-04-05 09:39:14 info: =================================
2024-04-05 09:39:41 info: =================================
2024-04-05 09:39:41 info: ======= ENV: development =======
2024-04-05 09:39:41 info: 🚀 App listening on the port 3000
2024-04-05 09:39:41 info: =================================
2024-04-05 09:39:57 error: [POST] /bookings/create/2 >> StatusCode:: 500, Message:: duplicate key value violates unique constraint "REL_5721d262c907a9c9e6273d9142"
2024-04-05 09:39:57 info: [0mPOST /bookings/create/2 [31m500[0m 713.314 ms - 95[0m
2024-04-05 09:40:08 info: [0mPOST /bookings/create/2 [32m201[0m 5050.681 ms - 239[0m
2024-04-05 09:40:39 info: [0mGET /bookings/8 [32m200[0m 98.845 ms - 226[0m
2024-04-05 09:40:47 info: [0mGET /bookings/range [32m200[0m 10.554 ms - 609[0m
2024-04-05 09:40:57 error: [GET] /bookings/2 >> StatusCode:: 409, Message:: no booking with 2  exist 😔
2024-04-05 09:40:57 info: [0mGET /bookings/2 [33m409[0m 3.263 ms - 43[0m
2024-04-05 09:42:33 info: =================================
2024-04-05 09:42:33 info: ======= ENV: development =======
2024-04-05 09:42:33 info: 🚀 App listening on the port 3000
2024-04-05 09:42:33 info: =================================
2024-04-05 09:42:43 error: [GET] /bookings/1 >> StatusCode:: 409, Message:: no booking with 1  exist 😔
2024-04-05 09:42:43 info: [0mGET /bookings/1 [33m409[0m 22.306 ms - 43[0m
2024-04-05 09:42:49 error: [GET] /bookings/2 >> StatusCode:: 409, Message:: no booking with 2  exist 😔
2024-04-05 09:42:49 info: [0mGET /bookings/2 [33m409[0m 4.528 ms - 43[0m
2024-04-05 09:43:58 info: =================================
2024-04-05 09:43:58 info: ======= ENV: development =======
2024-04-05 09:43:58 info: 🚀 App listening on the port 3000
2024-04-05 09:43:58 info: =================================
2024-04-05 09:44:18 info: =================================
2024-04-05 09:44:18 info: ======= ENV: development =======
2024-04-05 09:44:18 info: 🚀 App listening on the port 3000
2024-04-05 09:44:18 info: =================================
2024-04-05 09:44:25 info: =================================
2024-04-05 09:44:25 info: ======= ENV: development =======
2024-04-05 09:44:25 info: 🚀 App listening on the port 3000
2024-04-05 09:44:25 info: =================================
2024-04-05 09:44:32 info: =================================
2024-04-05 09:44:32 info: ======= ENV: development =======
2024-04-05 09:44:32 info: 🚀 App listening on the port 3000
2024-04-05 09:44:32 info: =================================
2024-04-05 09:44:33 error: [GET] /bookings/2 >> StatusCode:: 409, Message:: no booking with 2  exist 😔
2024-04-05 09:44:33 info: [0mGET /bookings/2 [33m409[0m 34.225 ms - 43[0m
2024-04-05 09:45:29 info: =================================
2024-04-05 09:45:29 info: ======= ENV: development =======
2024-04-05 09:45:29 info: 🚀 App listening on the port 3000
2024-04-05 09:45:29 info: =================================
2024-04-05 09:45:42 info: =================================
2024-04-05 09:45:42 info: ======= ENV: development =======
2024-04-05 09:45:42 info: 🚀 App listening on the port 3000
2024-04-05 09:45:42 info: =================================
2024-04-05 09:51:55 error: [GET] /bookings/2 >> StatusCode:: 409, Message:: no booking with 2  exist 😔
2024-04-05 09:51:55 info: [0mGET /bookings/2 [33m409[0m 95.963 ms - 43[0m
2024-04-05 09:51:58 info: [0mGET /bookings/all [32m200[0m 7.809 ms - 602[0m
2024-04-05 09:52:03 info: [0mGET /bookings/8 [32m200[0m 4.684 ms - 226[0m
2024-04-05 09:52:08 error: [GET] /bookings/2 >> StatusCode:: 409, Message:: no booking with 2  exist 😔
2024-04-05 09:52:08 info: [0mGET /bookings/2 [33m409[0m 4.504 ms - 43[0m
2024-04-05 09:52:25 info: [0mGET /bookings/8 [32m200[0m 53.409 ms - 226[0m
2024-04-05 09:52:49 info: [0mGET /bookings/range [32m200[0m 95.644 ms - 609[0m
2024-04-05 09:53:34 info: =================================
2024-04-05 09:53:34 info: ======= ENV: development =======
2024-04-05 09:53:34 info: 🚀 App listening on the port 3000
2024-04-05 09:53:34 info: =================================
