2024-04-02 07:28:10 error: uncaughtException: тип Unable to compile TypeScript:
[96msrc/services/room.service.ts[0m:[93m23[0m:[93m5[0m - [91merror[0m[90m TS1109: [0mExpression expected.

[7m23[0m     return
[7m  [0m [91m    ~~~~~~[0m

TSError: тип Unable to compile TypeScript:
[96msrc/services/room.service.ts[0m:[93m23[0m:[93m5[0m - [91merror[0m[90m TS1109: [0mExpression expected.

[7m23[0m     return
[7m  [0m [91m    ~~~~~~[0m

    at createTSError (E:\Office\resort management system\resort-management-system\backend\node_modules\ts-node\src\index.ts:859:12)
    at reportTSError (E:\Office\resort management system\resort-management-system\backend\node_modules\ts-node\src\index.ts:863:19)
    at E:\Office\resort management system\resort-management-system\backend\node_modules\ts-node\src\index.ts:1379:34
    at Object.compile (E:\Office\resort management system\resort-management-system\backend\node_modules\ts-node\src\index.ts:1458:13)
    at Module.m._compile (E:\Office\resort management system\resort-management-system\backend\node_modules\ts-node\src\index.ts:1617:30)
    at Module._extensions..js (node:internal/modules/cjs/loader:1310:10)
    at Object.require.extensions.<computed> [as .ts] (E:\Office\resort management system\resort-management-system\backend\node_modules\ts-node\src\index.ts:1621:12)
    at Module.load (node:internal/modules/cjs/loader:1119:32)
    at Function.Module._load (node:internal/modules/cjs/loader:960:12)
    at Module.require (node:internal/modules/cjs/loader:1143:19)
2024-04-02 22:04:16 error: uncaughtException: column "top" of relation "rooms_entity" contains null values
QueryFailedError: column "top" of relation "rooms_entity" contains null values
    at QueryFailedError.TypeORMError [as constructor] (E:\Office\resort management system\resort-management-system\backend\node_modules\src\error\TypeORMError.ts:7:9)
    at new QueryFailedError (E:\Office\resort management system\resort-management-system\backend\node_modules\src\error\QueryFailedError.ts:9:9)
    at PostgresQueryRunner.<anonymous> (E:\Office\resort management system\resort-management-system\backend\node_modules\typeorm\src\driver\postgres\PostgresQueryRunner.ts:263:19)
    at step (E:\Office\resort management system\resort-management-system\backend\node_modules\typeorm\node_modules\tslib\tslib.js:195:27)
    at Object.throw (E:\Office\resort management system\resort-management-system\backend\node_modules\typeorm\node_modules\tslib\tslib.js:176:57)
    at rejected (E:\Office\resort management system\resort-management-system\backend\node_modules\typeorm\node_modules\tslib\tslib.js:167:69)
    at processTicksAndRejections (node:internal/process/task_queues:95:5)
2024-04-02 22:05:00 error: uncaughtException: column "top" of relation "rooms_entity" contains null values
QueryFailedError: column "top" of relation "rooms_entity" contains null values
    at QueryFailedError.TypeORMError [as constructor] (E:\Office\resort management system\resort-management-system\backend\node_modules\src\error\TypeORMError.ts:7:9)
    at new QueryFailedError (E:\Office\resort management system\resort-management-system\backend\node_modules\src\error\QueryFailedError.ts:9:9)
    at PostgresQueryRunner.<anonymous> (E:\Office\resort management system\resort-management-system\backend\node_modules\typeorm\src\driver\postgres\PostgresQueryRunner.ts:263:19)
    at step (E:\Office\resort management system\resort-management-system\backend\node_modules\typeorm\node_modules\tslib\tslib.js:195:27)
    at Object.throw (E:\Office\resort management system\resort-management-system\backend\node_modules\typeorm\node_modules\tslib\tslib.js:176:57)
    at rejected (E:\Office\resort management system\resort-management-system\backend\node_modules\typeorm\node_modules\tslib\tslib.js:167:69)
    at processTicksAndRejections (node:internal/process/task_queues:95:5)
2024-04-02 22:07:38 error: uncaughtException: column "top" of relation "rooms_entity" contains null values
QueryFailedError: column "top" of relation "rooms_entity" contains null values
    at QueryFailedError.TypeORMError [as constructor] (E:\Office\resort management system\resort-management-system\backend\node_modules\src\error\TypeORMError.ts:7:9)
    at new QueryFailedError (E:\Office\resort management system\resort-management-system\backend\node_modules\src\error\QueryFailedError.ts:9:9)
    at PostgresQueryRunner.<anonymous> (E:\Office\resort management system\resort-management-system\backend\node_modules\typeorm\src\driver\postgres\PostgresQueryRunner.ts:263:19)
    at step (E:\Office\resort management system\resort-management-system\backend\node_modules\typeorm\node_modules\tslib\tslib.js:195:27)
    at Object.throw (E:\Office\resort management system\resort-management-system\backend\node_modules\typeorm\node_modules\tslib\tslib.js:176:57)
    at rejected (E:\Office\resort management system\resort-management-system\backend\node_modules\typeorm\node_modules\tslib\tslib.js:167:69)
    at processTicksAndRejections (node:internal/process/task_queues:95:5)
